<?xml version="1.0" encoding="UTF-8"?>
<!-- Generated by org.testng.reporters.JUnitXMLReporter -->
<testsuite ignored="0" hostname="NTK2079" failures="0" tests="13" name="Default test" time="1.161" errors="0" timestamp="2022-06-26T20:40:59 ART">
  <testcase classname="edit.Tarea5.Asignacion5" name="@BeforeSuite abrirPagina" time="0.051">
    <failure type="java.lang.IllegalStateException" message="The driver executable must exist: C:\Users\admin\eclipse-workspace\ProyectoSaucedemo\..\Tarea5\Drivers\chromedriver.exe">
      <![CDATA[java.lang.IllegalStateException: The driver executable must exist: C:\Users\admin\eclipse-workspace\ProyectoSaucedemo\..\Tarea5\Drivers\chromedriver.exe
at org.openqa.selenium.internal.Require$FileStateChecker.isFile(Require.java:342)
at org.openqa.selenium.remote.service.DriverService.checkExecutable(DriverService.java:147)
at org.openqa.selenium.remote.service.DriverService.findExecutable(DriverService.java:142)
at org.openqa.selenium.chrome.ChromeDriverService.access$000(ChromeDriverService.java:38)
at org.openqa.selenium.chrome.ChromeDriverService$Builder.findDefaultExecutable(ChromeDriverService.java:231)
at org.openqa.selenium.remote.service.DriverService$Builder.build(DriverService.java:437)
at org.openqa.selenium.chrome.ChromeDriverService.createDefaultService(ChromeDriverService.java:127)
at org.openqa.selenium.chrome.ChromeDriver.<init>(ChromeDriver.java:48)
at edit.Tarea5.Asignacion5.abrirPagina(Asignacion5.java:32)
at java.base/jdk.internal.reflect.DirectMethodHandleAccessor.invoke(DirectMethodHandleAccessor.java:104)
at java.base/java.lang.reflect.Method.invoke(Method.java:577)
at org.testng.internal.MethodInvocationHelper.invokeMethod(MethodInvocationHelper.java:133)
at org.testng.internal.MethodInvocationHelper.invokeMethodConsideringTimeout(MethodInvocationHelper.java:62)
at org.testng.internal.ConfigInvoker.invokeConfigurationMethod(ConfigInvoker.java:385)
at org.testng.internal.ConfigInvoker.invokeConfigurations(ConfigInvoker.java:321)
at org.testng.SuiteRunner.privateRun(SuiteRunner.java:317)
at org.testng.SuiteRunner.run(SuiteRunner.java:276)
at org.testng.SuiteRunnerWorker.runSuite(SuiteRunnerWorker.java:53)
at org.testng.SuiteRunnerWorker.run(SuiteRunnerWorker.java:96)
at org.testng.TestNG.runSuitesSequentially(TestNG.java:1212)
at org.testng.TestNG.runSuitesLocally(TestNG.java:1134)
at org.testng.TestNG.runSuites(TestNG.java:1063)
at org.testng.TestNG.run(TestNG.java:1031)
at org.testng.remote.AbstractRemoteTestNG.run(AbstractRemoteTestNG.java:115)
at org.testng.remote.RemoteTestNG.initAndRun(RemoteTestNG.java:251)
at org.testng.remote.RemoteTestNG.main(RemoteTestNG.java:77)
]]>
    </failure>
  </testcase> <!-- @BeforeSuite abrirPagina -->
  <testcase classname="edit.Tarea5.Asignacion7" name="@BeforeSuite AbrirPagina" time="-1.656286858508E9">
    <skipped/>
  </testcase> <!-- @BeforeSuite AbrirPagina -->
  <testcase classname="Pruebas.LoginTest" name="@BeforeSuite abrirPagina" time="-1.656286858511E9">
    <skipped/>
  </testcase> <!-- @BeforeSuite abrirPagina -->
  <testcase classname="Pruebas.SelectionObjectTest" name="@BeforeSuite abrirPagina" time="-1.656286858513E9">
    <skipped/>
  </testcase> <!-- @BeforeSuite abrirPagina -->
  <testcase classname="edit.Tarea5.Asignacion5" name="iniciarSesion" time="0.0">
    <skipped/>
  </testcase> <!-- iniciarSesion -->
  <testcase classname="edit.Tarea5.Asignacion5" name="reservarProducto" time="0.0">
    <skipped/>
  </testcase> <!-- reservarProducto -->
  <testcase classname="edit.Tarea5.Asignacion5" name="cerrarNavegador" time="0.0">
    <skipped/>
  </testcase> <!-- cerrarNavegador -->
  <testcase classname="Pruebas.SelectionObjectTest" name="Login" time="0.0">
    <skipped/>
  </testcase> <!-- Login -->
  <testcase classname="Pruebas.SelectionObjectTest" name="SelectionObject" time="0.0">
    <skipped/>
  </testcase> <!-- SelectionObject -->
  <testcase classname="edit.Tarea5.AppTest" name="shouldAnswerWithTrue" time="0.0">
    <skipped/>
  </testcase> <!-- shouldAnswerWithTrue -->
  <testcase classname="Pruebas.LoginTest" name="Login" time="0.0">
    <skipped/>
  </testcase> <!-- Login -->
  <testcase classname="edit.Tarea5.Asignacion7" name="Loguin" time="0.0">
    <skipped/>
  </testcase> <!-- Loguin -->
  <testcase classname="edit.Tarea5.Asignacion7" name="Loguin" time="0.0">
    <skipped/>
  </testcase> <!-- Loguin -->
  <testcase classname="edit.Tarea5.Asignacion7" name="Loguin" time="0.0">
    <skipped/>
  </testcase> <!-- Loguin -->
  <testcase classname="edit.Tarea5.Asignacion7" name="Loguin" time="0.0">
    <skipped/>
  </testcase> <!-- Loguin -->
  <testcase classname="edit.Tarea5.Asignacion7" name="Loguin" time="0.0">
    <skipped/>
  </testcase> <!-- Loguin -->
  <testcase classname="edit.Tarea5.Asignacion7" name="Loguin" time="0.0">
    <skipped/>
  </testcase> <!-- Loguin -->
</testsuite> <!-- Default test -->
